SF:lib\data\model\login_response.dart
DA:8,1
LF:1
LH:1
end_of_record
SF:lib\data\model\user_type.dart
DA:1,1
DA:7,0
DA:9,0
DA:17,0
DA:19,0
DA:21,0
LF:6
LH:1
end_of_record
SF:lib\domin\login_usecase\login_usecase.dart
DA:13,0
DA:14,0
DA:17,0
DA:18,0
DA:19,0
LF:5
LH:0
end_of_record
SF:lib\domin\model\auth_mode.dart
DA:1,1
LF:1
LH:1
end_of_record
SF:lib\domin\model\signup_model.dart
DA:12,1
DA:19,0
DA:20,0
DA:21,0
DA:22,0
DA:23,0
DA:24,0
DA:25,0
DA:26,0
DA:29,0
DA:30,0
DA:31,0
DA:32,0
DA:33,0
LF:14
LH:1
end_of_record
SF:lib\domin\signup_usecase\signup_usecase.dart
DA:14,0
DA:15,0
DA:18,0
DA:19,0
LF:4
LH:0
end_of_record
SF:lib\login\auth_provider.dart
DA:22,1
DA:23,0
DA:24,0
DA:26,1
DA:28,1
DA:32,2
DA:36,0
DA:37,0
DA:38,0
DA:39,0
DA:42,1
DA:43,3
DA:44,2
DA:46,2
DA:49,1
DA:50,4
DA:51,2
DA:53,7
DA:54,2
DA:55,1
DA:56,1
DA:57,2
DA:59,3
DA:64,1
DA:65,2
DA:66,4
DA:67,2
DA:68,1
DA:69,2
DA:71,3
LF:30
LH:24
end_of_record
SF:lib\data\model\reset_password_model.dart
DA:6,0
DA:8,0
DA:9,0
LF:3
LH:0
end_of_record
SF:lib\data\remote\aut_api.dart
DA:16,0
DA:19,0
DA:22,0
DA:23,0
DA:24,0
DA:25,0
DA:26,0
DA:27,0
DA:30,0
DA:31,0
DA:32,0
DA:33,0
DA:34,0
DA:35,0
DA:37,0
DA:39,0
DA:40,0
DA:45,0
DA:47,0
DA:48,0
DA:50,0
DA:51,0
DA:52,0
DA:55,0
DA:57,0
DA:58,0
DA:63,0
DA:64,0
DA:66,0
DA:67,0
DA:71,0
DA:72,0
DA:73,0
DA:75,0
DA:78,0
DA:80,0
DA:84,0
DA:86,0
DA:87,0
DA:88,0
DA:89,0
DA:92,0
DA:97,0
DA:100,0
DA:104,0
DA:105,0
DA:108,0
DA:109,0
DA:110,0
DA:113,0
DA:115,0
DA:116,0
DA:121,0
DA:124,0
DA:125,0
DA:126,0
DA:127,0
DA:129,0
DA:130,0
DA:131,0
DA:133,0
DA:135,0
DA:136,0
DA:141,0
DA:144,0
DA:146,0
DA:147,0
DA:148,0
DA:150,0
DA:152,0
DA:153,0
LF:71
LH:0
end_of_record
SF:lib\data\remote\auth_remote_data_source_imp.dart
DA:14,0
DA:15,0
DA:17,0
DA:19,0
DA:23,0
DA:24,0
DA:25,0
DA:29,0
DA:30,0
DA:31,0
DA:35,0
DA:36,0
DA:37,0
DA:41,0
DA:43,0
DA:44,0
DA:48,0
DA:49,0
DA:50,0
DA:54,0
DA:55,0
DA:59,0
DA:61,0
DA:63,0
DA:66,0
DA:68,0
DA:69,0
DA:71,0
DA:74,0
DA:75,0
LF:30
LH:0
end_of_record
SF:lib\data\repository\auth_repository.dart
DA:17,0
DA:19,0
DA:20,0
DA:23,0
DA:25,0
DA:26,0
DA:27,0
DA:28,0
DA:29,0
DA:30,0
DA:36,0
DA:37,0
DA:38,0
DA:39,0
DA:40,0
DA:41,0
DA:42,0
DA:48,0
DA:49,0
DA:53,0
DA:54,0
DA:55,0
DA:56,0
DA:59,0
DA:61,0
DA:65,0
DA:66,0
DA:67,0
DA:68,0
DA:70,0
DA:71,0
DA:76,0
DA:77,0
DA:78,0
DA:79,0
DA:80,0
DA:84,0
DA:87,0
DA:91,0
DA:93,0
LF:40
LH:0
end_of_record
SF:lib\data\shared_prefrences\shared_preferences_manager.dart
DA:18,0
DA:21,0
DA:22,0
DA:23,0
DA:27,0
DA:28,0
DA:29,0
DA:33,0
DA:34,0
DA:35,0
DA:39,0
DA:40,0
DA:41,0
DA:45,0
DA:46,0
DA:48,0
DA:52,0
DA:53,0
DA:54,0
DA:55,0
DA:59,0
DA:60,0
DA:62,0
DA:66,0
DA:67,0
DA:68,0
DA:73,0
DA:74,0
DA:75,0
DA:76,0
DA:80,0
DA:81,0
DA:82,0
DA:86,0
DA:87,0
DA:88,0
LF:36
LH:0
end_of_record
